<?xml version="1.0" encoding="UTF-8" ?>
<testsuite tests="15" failures="0" name="test.TestEmp" time="0.91" errors="0" skipped="0">
  <properties>
    <property name="idea.version" value="2021.3"/>
    <property name="java.runtime.name" value="OpenJDK Runtime Environment"/>
    <property name="java.vm.version" value="11.0.14+9-LTS"/>
    <property name="sun.boot.library.path" value="/Users/lyb/Library/Java/JavaVirtualMachines/azul-11.0.14/Contents/Home/lib"/>
    <property name="gopherProxySet" value="false"/>
    <property name="jdk.vendor.version" value="Zulu11.54+23-CA"/>
    <property name="maven.multiModuleProjectDirectory" value="/Users/lyb/Desktop/JavaProject/ldsx/mybatis"/>
    <property name="java.vm.vendor" value="Azul Systems, Inc."/>
    <property name="java.vendor.url" value="http://www.azul.com/"/>
    <property name="guice.disable.misplaced.annotation.check" value="true"/>
    <property name="path.separator" value=":"/>
    <property name="java.vm.name" value="OpenJDK 64-Bit Server VM"/>
    <property name="sun.os.patch.level" value="unknown"/>
    <property name="user.script" value="Hans"/>
    <property name="user.country" value="CN"/>
    <property name="sun.java.launcher" value="SUN_STANDARD"/>
    <property name="java.vm.specification.name" value="Java Virtual Machine Specification"/>
    <property name="user.dir" value="/Users/lyb/Desktop/JavaProject/ldsx/mybatis"/>
    <property name="java.vm.compressedOopsMode" value="Zero based"/>
    <property name="java.runtime.version" value="11.0.14+9-LTS"/>
    <property name="java.awt.graphicsenv" value="sun.awt.CGraphicsEnvironment"/>
    <property name="os.arch" value="aarch64"/>
    <property name="java.io.tmpdir" value="/var/folders/qz/d__1_n914dq6nkt9dlrqr8qr0000gn/T/"/>
    <property name="line.separator" value="
"/>
    <property name="java.vm.specification.vendor" value="Oracle Corporation"/>
    <property name="os.name" value="Mac OS X"/>
    <property name="maven.ext.class.path" value="/Applications/IntelliJ IDEA.app/Contents/plugins/maven/lib/maven-event-listener.jar"/>
    <property name="classworlds.conf" value="/Applications/IntelliJ IDEA.app/Contents/plugins/maven/lib/maven3/bin/m2.conf"/>
    <property name="sun.jnu.encoding" value="UTF-8"/>
    <property name="java.library.path" value="/Users/lyb/Library/Java/Extensions:/Library/Java/Extensions:/Network/Library/Java/Extensions:/System/Library/Java/Extensions:/usr/lib/java:."/>
    <property name="maven.conf" value="/Applications/IntelliJ IDEA.app/Contents/plugins/maven/lib/maven3/conf"/>
    <property name="jdk.debug" value="release"/>
    <property name="java.class.version" value="55.0"/>
    <property name="java.specification.name" value="Java Platform API Specification"/>
    <property name="sun.management.compiler" value="HotSpot 64-Bit Tiered Compilers"/>
    <property name="os.version" value="12.3.1"/>
    <property name="user.home" value="/Users/lyb"/>
    <property name="user.timezone" value="Asia/Shanghai"/>
    <property name="java.awt.printerjob" value="sun.lwawt.macosx.CPrinterJob"/>
    <property name="file.encoding" value="UTF-8"/>
    <property name="java.specification.version" value="11"/>
    <property name="user.name" value="lyb"/>
    <property name="java.class.path" value="/Applications/IntelliJ IDEA.app/Contents/plugins/maven/lib/maven3/boot/plexus-classworlds.license:/Applications/IntelliJ IDEA.app/Contents/plugins/maven/lib/maven3/boot/plexus-classworlds-2.6.0.jar"/>
    <property name="java.vm.specification.version" value="11"/>
    <property name="sun.arch.data.model" value="64"/>
    <property name="sun.java.command" value="org.codehaus.classworlds.Launcher -Didea.version=2021.3 install"/>
    <property name="java.home" value="/Users/lyb/Library/Java/JavaVirtualMachines/azul-11.0.14/Contents/Home"/>
    <property name="user.language" value="zh"/>
    <property name="java.specification.vendor" value="Oracle Corporation"/>
    <property name="awt.toolkit" value="sun.lwawt.macosx.LWCToolkit"/>
    <property name="java.vm.info" value="mixed mode"/>
    <property name="java.version" value="11.0.14"/>
    <property name="java.vendor" value="Azul Systems, Inc."/>
    <property name="maven.home" value="/Applications/IntelliJ IDEA.app/Contents/plugins/maven/lib/maven3"/>
    <property name="file.separator" value="/"/>
    <property name="java.version.date" value="2022-01-18"/>
    <property name="java.vendor.url.bug" value="http://www.azul.com/support/"/>
    <property name="sun.io.unicode.encoding" value="UnicodeBig"/>
    <property name="sun.cpu.endian" value="little"/>
    <property name="java.vendor.version" value="Zulu11.54+23-CA"/>
    <property name="sun.cpu.isalist" value=""/>
  </properties>
  <testcase classname="test.TestEmp" name="testFindEmpByMul" time="0.469"/>
  <testcase classname="test.TestEmp" name="testFindEmpBySal" time="0.033"/>
  <testcase classname="test.TestEmp" name="testAddOne1" time="0.04"/>
  <testcase classname="test.TestEmp" name="testAddOne2" time="0.038"/>
  <testcase classname="test.TestEmp" name="testFindAll" time="0.028"/>
  <testcase classname="test.TestEmp" name="testFindOne" time="0.027"/>
  <testcase classname="test.TestEmp" name="updateOneEmp" time="0.029"/>
  <testcase classname="test.TestEmp" name="testDynamicByIfAndWhere" time="0.045"/>
  <testcase classname="test.TestEmp" name="testDeleteOne" time="0.043"/>
  <testcase classname="test.TestEmp" name="testDynamicByForEach" time="0.026"/>
  <testcase classname="test.TestEmp" name="testFindCountOfEmp" time="0.022"/>
  <testcase classname="test.TestEmp" name="testMulToOne" time="0.031"/>
  <testcase classname="test.TestEmp" name="testDynamicBySet" time="0.023"/>
  <testcase classname="test.TestEmp" name="testDynamicByChoose" time="0.031"/>
  <testcase classname="test.TestEmp" name="testDynamicByTrim" time="0.025"/>
</testsuite>